[2025-06-01 19:00:21] System.InvalidOperationException: Unable to resolve service for type 'GPBH.Business.Services.SysMenuService' while attempting to activate 'GPBH.UI.MainForm'.
   at Microsoft.Extensions.DependencyInjection.ActivatorUtilities.ConstructorMatcher.CreateInstance(IServiceProvider provider)
   at Microsoft.Extensions.DependencyInjection.ActivatorUtilities.CreateInstance(IServiceProvider provider, Type instanceType, Object[] parameters)
   at Microsoft.Extensions.DependencyInjection.ActivatorUtilities.CreateInstance[T](IServiceProvider provider, Object[] parameters)
   at GPBH.UI.Login.btnDangNhap_Click(Object sender, EventArgs e) in G:\01.HuynhThu\01.Code\09.GPBH\GPBH.UI\Login.cs:line 40
   at System.Windows.Forms.Control.OnClick(EventArgs e)
   at DevComponents.DotNetBar.ButtonX.PerformClick()
   at System.Windows.Forms.Form.ProcessDialogKey(Keys keyData)
   at System.Windows.Forms.Control.ProcessDialogKey(Keys keyData)
   at System.Windows.Forms.Control.PreProcessMessage(Message& msg)
   at System.Windows.Forms.Control.PreProcessControlMessageInternal(Control target, Message& msg)
   at System.Windows.Forms.Application.ThreadContext.PreTranslateMessage(MSG& msg)
[2025-06-01 19:00:33] System.InvalidOperationException: Unable to resolve service for type 'GPBH.Business.Services.SysMenuService' while attempting to activate 'GPBH.UI.MainForm'.
   at Microsoft.Extensions.DependencyInjection.ActivatorUtilities.ConstructorMatcher.CreateInstance(IServiceProvider provider)
   at Microsoft.Extensions.DependencyInjection.ActivatorUtilities.CreateInstance(IServiceProvider provider, Type instanceType, Object[] parameters)
   at Microsoft.Extensions.DependencyInjection.ActivatorUtilities.CreateInstance[T](IServiceProvider provider, Object[] parameters)
   at GPBH.UI.Login.btnDangNhap_Click(Object sender, EventArgs e) in G:\01.HuynhThu\01.Code\09.GPBH\GPBH.UI\Login.cs:line 40
   at System.Windows.Forms.Control.OnClick(EventArgs e)
   at DevComponents.DotNetBar.ButtonX.OnClick(EventArgs e)
   at DevComponents.DotNetBar.ButtonX.OnMouseUp(MouseEventArgs e)
   at System.Windows.Forms.Control.WmMouseUp(Message& m, MouseButtons button, Int32 clicks)
   at System.Windows.Forms.Control.WndProc(Message& m)
   at DevComponents.DotNetBar.PopupItemControl.WndProc(Message& m)
   at System.Windows.Forms.Control.ControlNativeWindow.OnMessage(Message& m)
   at System.Windows.Forms.Control.ControlNativeWindow.WndProc(Message& m)
   at System.Windows.Forms.NativeWindow.Callback(IntPtr hWnd, Int32 msg, IntPtr wparam, IntPtr lparam)
[2025-06-01 19:03:32] System.IO.FileNotFoundException: Images/banhang.png
   at System.Drawing.Image.FromFile(String filename, Boolean useEmbeddedColorManagement)
   at System.Drawing.Image.FromFile(String filename)
   at GPBH.UI.MainForm.CreateMenu() in G:\01.HuynhThu\01.Code\09.GPBH\GPBH.UI\MainForm.cs:line 26
   at GPBH.UI.MainForm..ctor(SysMenuService sysMenuService) in G:\01.HuynhThu\01.Code\09.GPBH\GPBH.UI\MainForm.cs:line 16
--- End of stack trace from previous location where exception was thrown ---
   at Microsoft.Extensions.DependencyInjection.ActivatorUtilities.ConstructorMatcher.CreateInstance(IServiceProvider provider)
   at Microsoft.Extensions.DependencyInjection.ActivatorUtilities.CreateInstance(IServiceProvider provider, Type instanceType, Object[] parameters)
   at Microsoft.Extensions.DependencyInjection.ActivatorUtilities.CreateInstance[T](IServiceProvider provider, Object[] parameters)
   at GPBH.UI.Login.btnDangNhap_Click(Object sender, EventArgs e) in G:\01.HuynhThu\01.Code\09.GPBH\GPBH.UI\Login.cs:line 40
   at System.Windows.Forms.Control.OnClick(EventArgs e)
   at DevComponents.DotNetBar.ButtonX.PerformClick()
   at System.Windows.Forms.Form.ProcessDialogKey(Keys keyData)
   at System.Windows.Forms.Control.ProcessDialogKey(Keys keyData)
   at System.Windows.Forms.Control.PreProcessMessage(Message& msg)
   at System.Windows.Forms.Control.PreProcessControlMessageInternal(Control target, Message& msg)
   at System.Windows.Forms.Application.ThreadContext.PreTranslateMessage(MSG& msg)
[2025-06-01 19:04:01] System.IO.FileNotFoundException: Images/banhang.png
   at System.Drawing.Image.FromFile(String filename, Boolean useEmbeddedColorManagement)
   at System.Drawing.Image.FromFile(String filename)
   at GPBH.UI.MainForm.CreateMenu() in G:\01.HuynhThu\01.Code\09.GPBH\GPBH.UI\MainForm.cs:line 26
   at GPBH.UI.MainForm..ctor(SysMenuService sysMenuService) in G:\01.HuynhThu\01.Code\09.GPBH\GPBH.UI\MainForm.cs:line 16
--- End of stack trace from previous location where exception was thrown ---
   at Microsoft.Extensions.DependencyInjection.ActivatorUtilities.ConstructorMatcher.CreateInstance(IServiceProvider provider)
   at Microsoft.Extensions.DependencyInjection.ActivatorUtilities.CreateInstance(IServiceProvider provider, Type instanceType, Object[] parameters)
   at Microsoft.Extensions.DependencyInjection.ActivatorUtilities.CreateInstance[T](IServiceProvider provider, Object[] parameters)
   at GPBH.UI.Login.btnDangNhap_Click(Object sender, EventArgs e) in G:\01.HuynhThu\01.Code\09.GPBH\GPBH.UI\Login.cs:line 40
   at System.Windows.Forms.Control.OnClick(EventArgs e)
   at DevComponents.DotNetBar.ButtonX.OnClick(EventArgs e)
   at DevComponents.DotNetBar.ButtonX.OnMouseUp(MouseEventArgs e)
   at System.Windows.Forms.Control.WmMouseUp(Message& m, MouseButtons button, Int32 clicks)
   at System.Windows.Forms.Control.WndProc(Message& m)
   at DevComponents.DotNetBar.PopupItemControl.WndProc(Message& m)
   at System.Windows.Forms.Control.ControlNativeWindow.OnMessage(Message& m)
   at System.Windows.Forms.Control.ControlNativeWindow.WndProc(Message& m)
   at System.Windows.Forms.NativeWindow.Callback(IntPtr hWnd, Int32 msg, IntPtr wparam, IntPtr lparam)
[2025-06-01 19:06:05] System.IO.FileNotFoundException: G:\01.HuynhThu\01.Code\09.GPBH\GPBH.UI\bin\Debug\Images\banhang.png
   at System.Drawing.Image.FromFile(String filename, Boolean useEmbeddedColorManagement)
   at System.Drawing.Image.FromFile(String filename)
   at GPBH.UI.MainForm.CreateMenu() in G:\01.HuynhThu\01.Code\09.GPBH\GPBH.UI\MainForm.cs:line 27
   at GPBH.UI.MainForm..ctor(SysMenuService sysMenuService) in G:\01.HuynhThu\01.Code\09.GPBH\GPBH.UI\MainForm.cs:line 17
--- End of stack trace from previous location where exception was thrown ---
   at Microsoft.Extensions.DependencyInjection.ActivatorUtilities.ConstructorMatcher.CreateInstance(IServiceProvider provider)
   at Microsoft.Extensions.DependencyInjection.ActivatorUtilities.CreateInstance(IServiceProvider provider, Type instanceType, Object[] parameters)
   at Microsoft.Extensions.DependencyInjection.ActivatorUtilities.CreateInstance[T](IServiceProvider provider, Object[] parameters)
   at GPBH.UI.Login.btnDangNhap_Click(Object sender, EventArgs e) in G:\01.HuynhThu\01.Code\09.GPBH\GPBH.UI\Login.cs:line 40
   at System.Windows.Forms.Control.OnClick(EventArgs e)
   at DevComponents.DotNetBar.ButtonX.OnClick(EventArgs e)
   at DevComponents.DotNetBar.ButtonX.OnMouseUp(MouseEventArgs e)
   at System.Windows.Forms.Control.WmMouseUp(Message& m, MouseButtons button, Int32 clicks)
   at System.Windows.Forms.Control.WndProc(Message& m)
   at DevComponents.DotNetBar.PopupItemControl.WndProc(Message& m)
   at System.Windows.Forms.Control.ControlNativeWindow.OnMessage(Message& m)
   at System.Windows.Forms.Control.ControlNativeWindow.WndProc(Message& m)
   at System.Windows.Forms.NativeWindow.Callback(IntPtr hWnd, Int32 msg, IntPtr wparam, IntPtr lparam)
[2025-06-01 19:07:08] System.NullReferenceException: Object reference not set to an instance of an object.
   at GPBH.UI.MainForm.OpenTab(String key, String title) in G:\01.HuynhThu\01.Code\09.GPBH\GPBH.UI\MainForm.cs:line 124
   at GPBH.UI.MainForm.TreeViewMenu_AfterSelect(Object sender, TreeViewEventArgs e) in G:\01.HuynhThu\01.Code\09.GPBH\GPBH.UI\MainForm.cs:line 92
   at System.Windows.Forms.TreeView.OnAfterSelect(TreeViewEventArgs e)
   at System.Windows.Forms.TreeView.TvnSelected(NMTREEVIEW* nmtv)
   at System.Windows.Forms.TreeView.WmNotify(Message& m)
   at System.Windows.Forms.TreeView.WndProc(Message& m)
   at System.Windows.Forms.Control.ControlNativeWindow.OnMessage(Message& m)
   at System.Windows.Forms.Control.ControlNativeWindow.WndProc(Message& m)
   at System.Windows.Forms.NativeWindow.Callback(IntPtr hWnd, Int32 msg, IntPtr wparam, IntPtr lparam)
